java.lang.Throwable:
sem.TypeAnalyzer.lookupStructDecl(TypeAnalyzer.java:32)
sem.TypeAnalyzer.visit(TypeAnalyzer.java:193)
sem.TypeAnalyzer.visit(TypeAnalyzer.java:99)
sem.TypeAnalyzer.visit(TypeAnalyzer.java:99)
sem.TypeAnalyzer.visit(TypeAnalyzer.java:99)
sem.TypeAnalyzer.visit(TypeAnalyzer.java:100)
sem.TypeAnalyzer.visit(TypeAnalyzer.java:99)
sem.TypeAnalyzer.visit(TypeAnalyzer.java:99)
sem.TypeAnalyzer.visit(TypeAnalyzer.java:99)
sem.TypeAnalyzer.visit(TypeAnalyzer.java:99)
sem.TypeAnalyzer.visit(TypeAnalyzer.java:99)
sem.TypeAnalyzer.visit(TypeAnalyzer.java:99)
sem.TypeAnalyzer.visit(TypeAnalyzer.java:99)
sem.TypeAnalyzer.visit(TypeAnalyzer.java:99)
sem.TypeAnalyzer.visit(TypeAnalyzer.java:99)
sem.SemanticAnalyzer$ReturnChecker.checkReturns(SemanticAnalyzer.java:146)
sem.SemanticAnalyzer$ReturnChecker.checkReturns(SemanticAnalyzer.java:157)
sem.SemanticAnalyzer$ReturnChecker.visit(SemanticAnalyzer.java:125)
sem.SemanticAnalyzer$ReturnChecker.visit(SemanticAnalyzer.java:129)
sem.SemanticAnalyzer.analyze(SemanticAnalyzer.java:45)
Main2.compile(Main2.java:173)
Main2.main(Main2.java:62)
